<?xml version="1.0" encoding="UTF-8"?>
<!-- Generated by org.testng.reporters.JUnitReportReporter -->
<testsuite hostname="Oviya" failures="0" tests="1" name="com.dk.api.SpecBuilderTest" time="2.724" errors="0" timestamp="2023-10-01T05:25:01 IST" skipped="0">
  <testcase classname="com.dk.api.SpecBuilderTest" name="SerializationTest" time="2.724"/>
  <system-out/>
</testsuite> <!-- com.dk.api.SpecBuilderTest -->
