<?xml version="1.0" encoding="UTF-8"?>
<!-- Generated by org.testng.reporters.JUnitReportReporter -->
<testsuite hostname="Oviya" failures="0" tests="1" name="com.dk.api.SerializeTest" time="1.716" errors="0" timestamp="2023-10-01T04:12:39 IST" skipped="0">
  <testcase classname="com.dk.api.SerializeTest" name="SerializationTest" time="1.716"/>
  <system-out/>
</testsuite> <!-- com.dk.api.SerializeTest -->
